<?xml version="1.0" encoding="UTF-8"?>
<testng-results ignored="0" total="1" passed="1" failed="0" skipped="0">
  <reporter-output>
  </reporter-output>
  <suite started-at="2024-09-01T16:24:11 IST" name="Default suite" finished-at="2024-09-01T16:24:25 IST" duration-ms="14901">
    <groups>
    </groups>
    <test started-at="2024-09-01T16:24:11 IST" name="Default test" finished-at="2024-09-01T16:24:25 IST" duration-ms="14901">
      <class name="com.testcases.Logincase">
        <test-method signature="login()[pri:0, instance:com.testcases.Logincase@66d3eec0]" started-at="2024-09-01T16:24:11 IST" name="login" finished-at="2024-09-01T16:24:25 IST" duration-ms="14821" status="PASS">
          <reporter-output>
          </reporter-output>
        </test-method> <!-- login -->
      </class> <!-- com.testcases.Logincase -->
    </test> <!-- Default test -->
  </suite> <!-- Default suite -->
</testng-results>
